d:\school\新創\程式\meteokb2\neokb_try\x64\debug\vc141.pdb
d:\school\新創\程式\meteokb2\neokb_try\x64\debug\vc141.idb
d:\school\新創\程式\meteokb2\neokb_try\x64\debug\explodeeffect.obj
d:\school\新創\程式\meteokb2\neokb_try\x64\debug\falleffect.obj
d:\school\新創\程式\meteokb2\neokb_try\x64\debug\glowlineeffect.obj
d:\school\新創\程式\meteokb2\neokb_try\x64\debug\targetlineeffect.obj
d:\school\新創\程式\meteokb2\neokb_try\x64\debug\meteorsheetmusicconverter.obj
d:\school\新創\程式\meteokb2\neokb_try\x64\debug\meteorsheetmusicpostprocessor.obj
d:\school\新創\程式\meteokb2\neokb_try\x64\debug\meteorpatterngenerator.obj
d:\school\新創\程式\meteokb2\neokb_try\x64\debug\action.obj
d:\school\新創\程式\meteokb2\neokb_try\x64\debug\periodmap.obj
d:\school\新創\程式\meteokb2\neokb_try\x64\debug\panelstate.obj
d:\school\新創\程式\meteokb2\neokb_try\x64\debug\display.obj
d:\school\新創\程式\meteokb2\neokb_try\x64\debug\dynamicpathresourcestore.obj
d:\school\新創\程式\meteokb2\neokb_try\x64\debug\resourcestore.obj
d:\school\新創\程式\meteokb2\neokb_try\x64\debug\interpolatingframedclock.obj
d:\school\新創\程式\meteokb2\neokb_try\x64\debug\offsetframedclock.obj
d:\school\新創\程式\meteokb2\neokb_try\x64\debug\speedadjuster.obj
d:\school\新創\程式\meteokb2\neokb_try\x64\debug\stopwatchclock.obj
d:\school\新創\程式\meteokb2\neokb_try\x64\debug\meteorconfigmanager.obj
d:\school\新創\程式\meteokb2\neokb_try\x64\debug\basssamplechannel.obj
d:\school\新創\程式\meteokb2\neokb_try\x64\debug\sample.obj
d:\school\新創\程式\meteokb2\neokb_try\x64\debug\samplechannel.obj
d:\school\新創\程式\meteokb2\neokb_try\x64\debug\basstrack.obj
d:\school\新創\程式\meteokb2\neokb_try\x64\debug\track.obj
d:\school\新創\程式\meteokb2\neokb_try\x64\debug\frameworkconfigmanager.obj
d:\school\新創\程式\meteokb2\neokb_try\x64\debug\drawable.obj
d:\school\新創\程式\meteokb2\neokb_try\x64\debug\map.obj
d:\school\新創\程式\meteokb2\neokb_try\x64\debug\bluetoothstate.obj
d:\school\新創\程式\meteokb2\neokb_try\x64\debug\inputstate.obj
d:\school\新創\程式\meteokb2\neokb_try\x64\debug\keyboardstate.obj
d:\school\新創\程式\meteokb2\neokb_try\x64\debug\sheetmusicmetadata.obj
d:\school\新創\程式\meteokb2\neokb_try\x64\debug\sheetmusicpostprocessor.obj
d:\school\新創\程式\meteokb2\neokb_try\x64\debug\workingsheetmusic.obj
d:\school\新創\程式\meteokb2\neokb_try\x64\debug\cachable.obj
d:\school\新創\程式\meteokb2\neokb_try\x64\debug\childaddable.obj
d:\school\新創\程式\meteokb2\neokb_try\x64\debug\container.obj
d:\school\新創\程式\meteokb2\neokb_try\x64\debug\hasparent.obj
d:\school\新創\程式\meteokb2\neokb_try\x64\debug\loadable.obj
d:\school\新創\程式\meteokb2\neokb_try\x64\debug\loadstatehandler.obj
d:\school\新創\程式\meteokb2\neokb_try\x64\debug\mtoobject.obj
d:\school\新創\程式\meteokb2\neokb_try\x64\debug\schedulable.obj
d:\school\新創\程式\meteokb2\neokb_try\x64\debug\scheduler.obj
d:\school\新創\程式\meteokb2\neokb_try\x64\debug\updatable.obj
d:\school\新創\程式\meteokb2\neokb_try\x64\debug\adjustableaudiocomponent.obj
d:\school\新創\程式\meteokb2\neokb_try\x64\debug\audiocollectionmanager.obj
d:\school\新創\程式\meteokb2\neokb_try\x64\debug\audiocomponent.obj
d:\school\新創\程式\meteokb2\neokb_try\x64\debug\audiomanager.obj
d:\school\新創\程式\meteokb2\neokb_try\x64\debug\basssample.obj
d:\school\新創\程式\meteokb2\neokb_try\x64\debug\controlpoint.obj
d:\school\新創\程式\meteokb2\neokb_try\x64\debug\notecontrolpoint.obj
d:\school\新創\程式\meteokb2\neokb_try\x64\debug\effect.obj
d:\school\新創\程式\meteokb2\neokb_try\x64\debug\event.obj
d:\school\新創\程式\meteokb2\neokb_try\x64\debug\eventprocessormaster.obj
d:\school\新創\程式\meteokb2\neokb_try\x64\debug\gameevent.obj
d:\school\新創\程式\meteokb2\neokb_try\x64\debug\startgameevent.obj
d:\school\新創\程式\meteokb2\neokb_try\x64\debug\stopsystemevent.obj
d:\school\新創\程式\meteokb2\neokb_try\x64\debug\systemevent.obj
d:\school\新創\程式\meteokb2\neokb_try\x64\debug\simplesmdecoder.obj
d:\school\新創\程式\meteokb2\neokb_try\x64\debug\smdecoder.obj
d:\school\新創\程式\meteokb2\neokb_try\x64\debug\filereader.obj
d:\school\新創\程式\meteokb2\neokb_try\x64\debug\pattern.obj
d:\school\新創\程式\meteokb2\neokb_try\x64\debug\patterngenerator.obj
d:\school\新創\程式\meteokb2\neokb_try\x64\debug\sheetmusicconverter.obj
d:\school\新創\程式\meteokb2\neokb_try\x64\debug\neokb_try.tlog\cl.command.1.tlog
d:\school\新創\程式\meteokb2\neokb_try\x64\debug\neokb_try.tlog\cl.read.1.tlog
d:\school\新創\程式\meteokb2\neokb_try\x64\debug\neokb_try.tlog\cl.write.1.tlog
